<?xml version='1.0' encoding='UTF-8'?>
<testsuite hostname="MacBook-Air-de-Ashraf.local" name="SchedulerTest" tests="1" errors="0" failures="0" skipped="0" time="0.016" timestamp="2025-01-20T16:43:22">
          <properties>
      <property name="java.specification.version" value="21"/><property name="sun.jnu.encoding" value="UTF-8"/><property name="sun.arch.data.model" value="64"/><property name="java.vendor.url" value="https://java.oracle.com/"/><property name="sun.boot.library.path" value="/Users/ashrafadelsabaa/Library/Java/JavaVirtualMachines/openjdk-21.0.2/Contents/Home/lib"/><property name="sun.java.command" value="/Users/ashrafadelsabaa/Library/Caches/Coursier/arc/https/github.com/sbt/sbt/releases/download/v1.10.2/sbt-1.10.2.zip/sbt/bin/sbt-launch.jar run"/><property name="jdk.debug" value="release"/><property name="java.specification.vendor" value="Oracle Corporation"/><property name="java.version.date" value="2024-01-16"/><property name="java.home" value="/Users/ashrafadelsabaa/Library/Java/JavaVirtualMachines/openjdk-21.0.2/Contents/Home"/><property name="file.separator" value="/"/><property name="java.vm.compressedOopsMode" value="Zero based"/><property name="line.separator" value="
"/><property name="java.vm.specification.vendor" value="Oracle Corporation"/><property name="java.specification.name" value="Java Platform API Specification"/><property name="sun.management.compiler" value="HotSpot 64-Bit Tiered Compilers"/><property name="java.runtime.version" value="21.0.2+13-58"/><property name="user.name" value="ashrafadelsabaa"/><property name="log4j.ignoreTCL" value="true"/><property name="file.encoding" value="UTF-8"/><property name="jnidispatch.path" value="/Users/ashrafadelsabaa/Library/Caches/JNA/temp/jna9591079665699138377.tmp"/><property name="jna.loaded" value="true"/><property name="java.io.tmpdir" value="/var/folders/63/wq8wf3hn1k55bj30cq08c0v80000gn/T/"/><property name="java.version" value="21.0.2"/><property name="java.vm.specification.name" value="Java Virtual Machine Specification"/><property name="native.encoding" value="UTF-8"/><property name="java.library.path" value="/Users/ashrafadelsabaa/Library/Java/Extensions:/Library/Java/Extensions:/Network/Library/Java/Extensions:/System/Library/Java/Extensions:/usr/lib/java:."/><property name="stderr.encoding" value="UTF-8"/><property name="java.vendor" value="Oracle Corporation"/><property name="scala.ext.dirs" value="/Users/ashrafadelsabaa/.sbt/1.0/java9-rt-ext-oracle_corporation_21_0_2"/><property name="sun.io.unicode.encoding" value="UnicodeBig"/><property name="socksNonProxyHosts" value="local|*.local|169.254/16|*.169.254/16"/><property name="java.class.path" value="/Users/ashrafadelsabaa/Library/Caches/Coursier/arc/https/github.com/sbt/sbt/releases/download/v1.10.2/sbt-1.10.2.zip/sbt/bin/sbt-launch.jar"/><property name="java.vm.vendor" value="Oracle Corporation"/><property name="jline.shutdownhook" value="false"/><property name="user.timezone" value="Europe/Paris"/><property name="java.vm.specification.version" value="21"/><property name="os.name" value="Mac OS X"/><property name="sun.java.launcher" value="SUN_STANDARD"/><property name="user.country" value="FR"/><property name="http.nonProxyHosts" value="local|*.local|169.254/16|*.169.254/16"/><property name="sun.cpu.endian" value="little"/><property name="user.home" value="/Users/ashrafadelsabaa"/><property name="user.language" value="fr"/><property name="sbt.script" value="/Users/ashrafadelsabaa/Library/Caches/Coursier/arc/https/github.com/sbt/sbt/releases/download/v1.10.2/sbt-1.10.2.zip/sbt/bin/sbt"/><property name="sbt.ipcsocket.tmpdir" value="/var/folders/63/wq8wf3hn1k55bj30cq08c0v80000gn/T/.sbtca870bd4/ipcsocket"/><property name="swoval.tmpdir" value="/var/folders/63/wq8wf3hn1k55bj30cq08c0v80000gn/T/.sbtca870bd4/swoval"/><property name="apple.awt.application.name" value="Boot"/><property name="jline.esc.timeout" value="0"/><property name="ftp.nonProxyHosts" value="local|*.local|169.254/16|*.169.254/16"/><property name="stdout.encoding" value="UTF-8"/><property name="path.separator" value=":"/><property name="os.version" value="15.1.1"/><property name="jna.nosys" value="true"/><property name="java.runtime.name" value="OpenJDK Runtime Environment"/><property name="java.vm.name" value="OpenJDK 64-Bit Server VM"/><property name="jna.platform.library.path" value="/usr/lib:/usr/lib"/><property name="java.vendor.url.bug" value="https://bugreport.java.com/bugreport/"/><property name="user.dir" value="/Users/ashrafadelsabaa/Desktop/Projet_Scala"/><property name="os.arch" value="x86_64"/><property name="java.vm.info" value="mixed mode, sharing"/><property name="java.vm.version" value="21.0.2+13-58"/><property name="java.class.version" value="65.0"/>
    </properties>
          <testcase classname="SchedulerTest" name="Add and sort events" time="0.016">
                      
                    </testcase>
          <system-out><![CDATA[]]></system-out>
          <system-err><![CDATA[]]></system-err>
        </testsuite>